<?xml version="1.0" encoding="UTF-8"?>
<coverage generated="1477861122934" clover="3.2.0">
	<project timestamp="1477861122934"  name="All Files" >
		<metrics statements="15"  coveredstatements="15"  conditionals="0"  coveredconditionals="0"  methods="5"  coveredmethods="5"  elements="20"  coveredelements="20"  complexity="0"  packages="2"  files="2"  classes="2"  loc="43"  ncloc="43" />
		<package name="contact" >
			<metrics statements="6"  coveredstatements="6"  conditionals="0"  coveredconditionals="0"  methods="2"  coveredmethods="2" />
			<file name="contact.ts"  path="src/pages/contact/contact.ts" >
				<metrics statements="6"  coveredstatements="6"  conditionals="0"  coveredconditionals="0"  methods="2"  coveredmethods="2" />
				<line num="1"  count="1"  type="stmt" />
				<line num="3"  count="1"  type="stmt" />
				<line num="5"  count="1"  type="stmt" />
				<line num="9"  count="1"  type="stmt" />
				<line num="11"  count="1"  type="stmt" />
				<line num="15"  count="1"  type="stmt" />
			</file>
		</package>
		<package name="home" >
			<metrics statements="9"  coveredstatements="9"  conditionals="0"  coveredconditionals="0"  methods="3"  coveredmethods="3" />
			<file name="home.ts"  path="src/pages/home/home.ts" >
				<metrics statements="9"  coveredstatements="9"  conditionals="0"  coveredconditionals="0"  methods="3"  coveredmethods="3" />
				<line num="1"  count="1"  type="stmt" />
				<line num="2"  count="1"  type="stmt" />
				<line num="3"  count="1"  type="stmt" />
				<line num="5"  count="1"  type="stmt" />
				<line num="9"  count="1"  type="stmt" />
				<line num="12"  count="2"  type="stmt" />
				<line num="13"  count="2"  type="stmt" />
				<line num="25"  count="4"  type="stmt" />
				<line num="28"  count="1"  type="stmt" />
			</file>
		</package>
	</project>
</coverage>
